{"name":"PIMOperations","id":"testCases.PIMFlowTest:PIMOperations","testCaseName":"testCases.PIMFlowTest","userStory":{"id":"testCases.PIMFlowTest","storyName":"PIM flow test","storyClassName":"testCases.PIMFlowTest","path":"testCases","type":"story"},"featureTag":{"name":"Test cases/PIM flow test","type":"story","displayName":"Test cases/PIM flow test"},"title":"Creating An Employee in PIM module","tags":[{"name":"Test cases/PIM flow test","type":"story","displayName":"Test cases/PIM flow test"}],"startTime":"2023-11-01T18:17:24.204+05:30[Asia/Calcutta]","duration":48639,"testFailureCause":{"errorType":"net.thucydides.core.webdriver.exceptions.ElementShouldBeEnabledException","message":"Expected enabled element was not clickable","stackTrace":[{"declaringClass":"base.BasePage","methodName":"clickActionOnWebElement","fileName":"BasePage.java","lineNumber":210},{"declaringClass":"Pages.HomePage","methodName":"AddEmployeeOperations","fileName":"HomePage.java","lineNumber":53},{"declaringClass":"steps.PIMCreation","methodName":"addNewEmp","fileName":"PIMCreation.java","lineNumber":22},{"declaringClass":"testCases.PIMFlowTest","methodName":"PIMOperations","fileName":"PIMFlowTest.java","lineNumber":28},{"declaringClass":"org.eclipse.jdt.internal.junit4.runner.JUnit4TestReference","methodName":"run","fileName":"JUnit4TestReference.java","lineNumber":93},{"declaringClass":"org.eclipse.jdt.internal.junit.runner.TestExecution","methodName":"run","fileName":"TestExecution.java","lineNumber":40},{"declaringClass":"org.eclipse.jdt.internal.junit.runner.RemoteTestRunner","methodName":"runTests","fileName":"RemoteTestRunner.java","lineNumber":529},{"declaringClass":"org.eclipse.jdt.internal.junit.runner.RemoteTestRunner","methodName":"runTests","fileName":"RemoteTestRunner.java","lineNumber":756},{"declaringClass":"org.eclipse.jdt.internal.junit.runner.RemoteTestRunner","methodName":"run","fileName":"RemoteTestRunner.java","lineNumber":452},{"declaringClass":"org.eclipse.jdt.internal.junit.runner.RemoteTestRunner","methodName":"main","fileName":"RemoteTestRunner.java","lineNumber":210}],"rootCause":{"errorType":"org.openqa.selenium.TimeoutException","message":"Expected condition failed: waiting for By.cssSelector: input[type\u003d\u0027checkbox\u0027] to be clickable (tried for 5 second(s) with 100 milliseconds interval)\nBuild info: version: \u00273.141.59\u0027, revision: \u0027e82be7d358\u0027, time: \u00272018-11-14T08:17:03\u0027\nSystem info: host: \u0027DESKTOP-OP71261\u0027, ip: \u0027192.168.0.180\u0027, os.name: \u0027Windows 10\u0027, os.arch: \u0027amd64\u0027, os.version: \u002710.0\u0027, java.version: \u00271.8.0_202\u0027\nDriver info: driver.version: unknown","stackTrace":[{"declaringClass":"base.BasePage","methodName":"clickActionOnWebElement","fileName":"BasePage.java","lineNumber":210},{"declaringClass":"Pages.HomePage","methodName":"AddEmployeeOperations","fileName":"HomePage.java","lineNumber":53},{"declaringClass":"steps.PIMCreation","methodName":"addNewEmp","fileName":"PIMCreation.java","lineNumber":22},{"declaringClass":"testCases.PIMFlowTest","methodName":"PIMOperations","fileName":"PIMFlowTest.java","lineNumber":28},{"declaringClass":"org.eclipse.jdt.internal.junit4.runner.JUnit4TestReference","methodName":"run","fileName":"JUnit4TestReference.java","lineNumber":93},{"declaringClass":"org.eclipse.jdt.internal.junit.runner.TestExecution","methodName":"run","fileName":"TestExecution.java","lineNumber":40},{"declaringClass":"org.eclipse.jdt.internal.junit.runner.RemoteTestRunner","methodName":"runTests","fileName":"RemoteTestRunner.java","lineNumber":529},{"declaringClass":"org.eclipse.jdt.internal.junit.runner.RemoteTestRunner","methodName":"runTests","fileName":"RemoteTestRunner.java","lineNumber":756},{"declaringClass":"org.eclipse.jdt.internal.junit.runner.RemoteTestRunner","methodName":"run","fileName":"RemoteTestRunner.java","lineNumber":452},{"declaringClass":"org.eclipse.jdt.internal.junit.runner.RemoteTestRunner","methodName":"main","fileName":"RemoteTestRunner.java","lineNumber":210}]}},"testFailureClassname":"net.thucydides.core.webdriver.exceptions.ElementShouldBeEnabledException","testFailureMessage":"Expected enabled element was not clickable","testFailureSummary":"FAILURE;net.thucydides.core.webdriver.exceptions.ElementShouldBeEnabledException;Expected enabled element was not clickable;BasePage.java","projectKey":"","annotatedResult":"FAILURE","sessionId":"ff9de90b8336edda3ba8fa62f6371306","driver":"chrome","isManualTestingUpToDate":false,"manual":false,"testSource":"JUnit","result":"FAILURE"}