{"name":"contactCreation","id":"testCase.CreatingContactTestSuite:contactCreation","testCaseName":"testCase.CreatingContactTestSuite","userStory":{"id":"testCase.CreatingContactTestSuite","storyName":"Creating contact test suite","storyClassName":"testCase.CreatingContactTestSuite","path":"testCase","type":"story"},"featureTag":{"name":"Test case/Creating contact test suite","type":"story","displayName":"Test case/Creating contact test suite"},"title":"Contact creation","tags":[{"name":"Test case/Creating contact test suite","type":"story","displayName":"Test case/Creating contact test suite"}],"startTime":"2023-10-19T18:44:31.439+05:30[Asia/Calcutta]","duration":31,"testFailureCause":{"errorType":"net.thucydides.core.webdriver.exceptions.ElementShouldBeEnabledException","message":"Expected enabled element was not enabled","stackTrace":[{"declaringClass":"pages.LogoutPage","methodName":"clickOnProfile","fileName":"LogoutPage.java","lineNumber":19},{"declaringClass":"Steps.LogoutTest","methodName":"clickOnProfile","fileName":"LogoutTest.java","lineNumber":15},{"declaringClass":"testCase.CreatingContactTestSuite","methodName":"logout","fileName":"CreatingContactTestSuite.java","lineNumber":46},{"declaringClass":"org.eclipse.jdt.internal.junit4.runner.JUnit4TestReference","methodName":"run","fileName":"JUnit4TestReference.java","lineNumber":93},{"declaringClass":"org.eclipse.jdt.internal.junit.runner.TestExecution","methodName":"run","fileName":"TestExecution.java","lineNumber":40},{"declaringClass":"org.eclipse.jdt.internal.junit.runner.RemoteTestRunner","methodName":"runTests","fileName":"RemoteTestRunner.java","lineNumber":529},{"declaringClass":"org.eclipse.jdt.internal.junit.runner.RemoteTestRunner","methodName":"runTests","fileName":"RemoteTestRunner.java","lineNumber":756},{"declaringClass":"org.eclipse.jdt.internal.junit.runner.RemoteTestRunner","methodName":"run","fileName":"RemoteTestRunner.java","lineNumber":452},{"declaringClass":"org.eclipse.jdt.internal.junit.runner.RemoteTestRunner","methodName":"main","fileName":"RemoteTestRunner.java","lineNumber":210}],"rootCause":{"errorType":"org.openqa.selenium.TimeoutException","message":"Expected condition failed: waiting for By.xpath: //*[@class\u003d\u0027image\u0027]//parent::div to be enabled (tried for 10 second(s) with 100 milliseconds interval)","stackTrace":[{"declaringClass":"pages.LogoutPage","methodName":"clickOnProfile","fileName":"LogoutPage.java","lineNumber":19},{"declaringClass":"Steps.LogoutTest","methodName":"clickOnProfile","fileName":"LogoutTest.java","lineNumber":15},{"declaringClass":"testCase.CreatingContactTestSuite","methodName":"logout","fileName":"CreatingContactTestSuite.java","lineNumber":46},{"declaringClass":"org.eclipse.jdt.internal.junit4.runner.JUnit4TestReference","methodName":"run","fileName":"JUnit4TestReference.java","lineNumber":93},{"declaringClass":"org.eclipse.jdt.internal.junit.runner.TestExecution","methodName":"run","fileName":"TestExecution.java","lineNumber":40},{"declaringClass":"org.eclipse.jdt.internal.junit.runner.RemoteTestRunner","methodName":"runTests","fileName":"RemoteTestRunner.java","lineNumber":529},{"declaringClass":"org.eclipse.jdt.internal.junit.runner.RemoteTestRunner","methodName":"runTests","fileName":"RemoteTestRunner.java","lineNumber":756},{"declaringClass":"org.eclipse.jdt.internal.junit.runner.RemoteTestRunner","methodName":"run","fileName":"RemoteTestRunner.java","lineNumber":452},{"declaringClass":"org.eclipse.jdt.internal.junit.runner.RemoteTestRunner","methodName":"main","fileName":"RemoteTestRunner.java","lineNumber":210}],"rootCause":{"errorType":"org.openqa.selenium.NoSuchElementException","message":"no such element: Unable to locate element: {\"method\":\"xpath\",\"selector\":\"//*[@class\u003d\u0027image\u0027]//parent::div\"}\n  (Session info: chrome\u003d118.0.5993.71)\nFor documentation on this error, please visit: https://www.seleniumhq.org/exceptions/no_such_element.html\nBuild info: version: \u00273.141.59\u0027, revision: \u0027e82be7d358\u0027, time: \u00272018-11-14T08:17:03\u0027\nSystem info: host: \u0027DESKTOP-UEAMHAH\u0027, ip: \u0027192.168.0.159\u0027, os.name: \u0027Windows 10\u0027, os.arch: \u0027amd64\u0027, os.version: \u002710.0\u0027, java.version: \u00271.8.0_202\u0027\nDriver info: org.openqa.selenium.chrome.ChromeDriver\nCapabilities {acceptInsecureCerts: false, browserName: chrome, browserVersion: 118.0.5993.71, chrome: {chromedriverVersion: 117.0.5938.92 (67649b10b92b..., userDataDir: C:\\Users\\admin\\AppData\\Loca...}, fedcm:accounts: true, goog:chromeOptions: {debuggerAddress: localhost:56711}, javascriptEnabled: true, networkConnectionEnabled: false, pageLoadStrategy: normal, platform: WINDOWS, platformName: WINDOWS, proxy: Proxy(), setWindowRect: true, strictFileInteractability: false, timeouts: {implicit: 0, pageLoad: 300000, script: 30000}, unhandledPromptBehavior: dismiss and notify, webauthn:extension:credBlob: true, webauthn:extension:largeBlob: true, webauthn:extension:minPinLength: true, webauthn:extension:prf: true, webauthn:virtualAuthenticators: true}\nSession ID: 65ad2675e7f30beb7349319e5ef9b785\n*** Element info: {Using\u003dxpath, value\u003d//*[@class\u003d\u0027image\u0027]//parent::div}","stackTrace":[{"declaringClass":"pages.LogoutPage","methodName":"clickOnProfile","fileName":"LogoutPage.java","lineNumber":19},{"declaringClass":"Steps.LogoutTest","methodName":"clickOnProfile","fileName":"LogoutTest.java","lineNumber":15},{"declaringClass":"testCase.CreatingContactTestSuite","methodName":"logout","fileName":"CreatingContactTestSuite.java","lineNumber":46},{"declaringClass":"org.eclipse.jdt.internal.junit4.runner.JUnit4TestReference","methodName":"run","fileName":"JUnit4TestReference.java","lineNumber":93},{"declaringClass":"org.eclipse.jdt.internal.junit.runner.TestExecution","methodName":"run","fileName":"TestExecution.java","lineNumber":40},{"declaringClass":"org.eclipse.jdt.internal.junit.runner.RemoteTestRunner","methodName":"runTests","fileName":"RemoteTestRunner.java","lineNumber":529},{"declaringClass":"org.eclipse.jdt.internal.junit.runner.RemoteTestRunner","methodName":"runTests","fileName":"RemoteTestRunner.java","lineNumber":756},{"declaringClass":"org.eclipse.jdt.internal.junit.runner.RemoteTestRunner","methodName":"run","fileName":"RemoteTestRunner.java","lineNumber":452},{"declaringClass":"org.eclipse.jdt.internal.junit.runner.RemoteTestRunner","methodName":"main","fileName":"RemoteTestRunner.java","lineNumber":210}]}}},"testFailureClassname":"net.thucydides.core.webdriver.exceptions.ElementShouldBeEnabledException","testFailureMessage":"Expected enabled element was not enabled","testFailureSummary":"FAILURE;net.thucydides.core.webdriver.exceptions.ElementShouldBeEnabledException;Expected enabled element was not enabled;LogoutPage.java","projectKey":"","annotatedResult":"FAILURE","sessionId":"65ad2675e7f30beb7349319e5ef9b785","driver":"chrome","isManualTestingUpToDate":false,"manual":false,"testSource":"JUnit","result":"FAILURE"}