<?xml version="1.0" encoding="UTF-8"?><testsuite errors="0" failures="2" name="testCase.CreatingContactTestSuite" skipped="0" tests="2" time="4.21" timestamp="2023-10-19 06:44:01"><testcase classname="testCase.CreatingContactTestSuite" name="Contact creation"><failure type="java.lang.AssertionError"/><system-err>null&#13;
pages.Login.verifyTitle(Login.java:27)&#13;
Steps.LoginPageSteps.verifyLoginPageIsDisplayed(LoginPageSteps.java:19)&#13;
testCase.CreatingContactTestSuite.login(CreatingContactTestSuite.java:35)&#13;
org.eclipse.jdt.internal.junit4.runner.JUnit4TestReference.run(JUnit4TestReference.java:93)&#13;
org.eclipse.jdt.internal.junit.runner.TestExecution.run(TestExecution.java:40)&#13;
org.eclipse.jdt.internal.junit.runner.RemoteTestRunner.runTests(RemoteTestRunner.java:529)&#13;
org.eclipse.jdt.internal.junit.runner.RemoteTestRunner.runTests(RemoteTestRunner.java:756)&#13;
org.eclipse.jdt.internal.junit.runner.RemoteTestRunner.run(RemoteTestRunner.java:452)&#13;
org.eclipse.jdt.internal.junit.runner.RemoteTestRunner.main(RemoteTestRunner.java:210)&#13;
</system-err></testcase><testcase classname="testCase.CreatingContactTestSuite" name="Contact creation"><failure message="Expected enabled element was not enabled" type="net.thucydides.core.webdriver.exceptions.ElementShouldBeEnabledException">Expected enabled element was not enabled</failure><system-err>Expected enabled element was not enabled&#13;
pages.LogoutPage.clickOnProfile(LogoutPage.java:19)&#13;
Steps.LogoutTest.clickOnProfile(LogoutTest.java:15)&#13;
testCase.CreatingContactTestSuite.logout(CreatingContactTestSuite.java:46)&#13;
org.eclipse.jdt.internal.junit4.runner.JUnit4TestReference.run(JUnit4TestReference.java:93)&#13;
org.eclipse.jdt.internal.junit.runner.TestExecution.run(TestExecution.java:40)&#13;
org.eclipse.jdt.internal.junit.runner.RemoteTestRunner.runTests(RemoteTestRunner.java:529)&#13;
org.eclipse.jdt.internal.junit.runner.RemoteTestRunner.runTests(RemoteTestRunner.java:756)&#13;
org.eclipse.jdt.internal.junit.runner.RemoteTestRunner.run(RemoteTestRunner.java:452)&#13;
org.eclipse.jdt.internal.junit.runner.RemoteTestRunner.main(RemoteTestRunner.java:210)&#13;
</system-err></testcase></testsuite>