{"name":"inbetween","id":"CuraHealthSerenity.StepsCHTest:inbetween","testCaseName":"CuraHealthSerenity.StepsCHTest","userStory":{"id":"CuraHealthSerenity.StepsCHTest","storyName":"Steps CH test","storyClassName":"CuraHealthSerenity.StepsCHTest","path":"CuraHealthSerenity","type":"story"},"featureTag":{"name":"Cura health serenity/Steps CH test","type":"story","displayName":"Cura health serenity/Steps CH test"},"title":"Inbetween","tags":[{"name":"Cura health serenity/Steps CH test","type":"story","displayName":"Cura health serenity/Steps CH test"}],"startTime":"2023-10-30T21:04:12.943+05:30[Asia/Calcutta]","duration":15927,"testFailureCause":{"errorType":"net.thucydides.core.webdriver.exceptions.ElementShouldBeEnabledException","message":"Expected enabled element was not enabled","stackTrace":[{"declaringClass":"CuraHealthSerenity.BookAppointment2Test","methodName":"PatientAppointmentBook","fileName":"BookAppointment2Test.java","lineNumber":28},{"declaringClass":"CuraHealthSerenity.StepCHTest","methodName":"CuraHealthCareBookApptOperations","fileName":"StepCHTest.java","lineNumber":34},{"declaringClass":"CuraHealthSerenity.StepsCHTest","methodName":"inbetween","fileName":"StepsCHTest.java","lineNumber":32},{"declaringClass":"org.eclipse.jdt.internal.junit4.runner.JUnit4TestReference","methodName":"run","fileName":"JUnit4TestReference.java","lineNumber":93},{"declaringClass":"org.eclipse.jdt.internal.junit.runner.TestExecution","methodName":"run","fileName":"TestExecution.java","lineNumber":40},{"declaringClass":"org.eclipse.jdt.internal.junit.runner.RemoteTestRunner","methodName":"runTests","fileName":"RemoteTestRunner.java","lineNumber":529},{"declaringClass":"org.eclipse.jdt.internal.junit.runner.RemoteTestRunner","methodName":"runTests","fileName":"RemoteTestRunner.java","lineNumber":756},{"declaringClass":"org.eclipse.jdt.internal.junit.runner.RemoteTestRunner","methodName":"run","fileName":"RemoteTestRunner.java","lineNumber":452},{"declaringClass":"org.eclipse.jdt.internal.junit.runner.RemoteTestRunner","methodName":"main","fileName":"RemoteTestRunner.java","lineNumber":210}],"rootCause":{"errorType":"org.openqa.selenium.TimeoutException","message":"Expected condition failed: waiting for By.xpath: xpath\u003d//select[@id\u003d\u0027combo_facility\u0027] to be enabled (tried for 5 second(s) with 100 milliseconds interval)","stackTrace":[{"declaringClass":"CuraHealthSerenity.BookAppointment2Test","methodName":"PatientAppointmentBook","fileName":"BookAppointment2Test.java","lineNumber":28},{"declaringClass":"CuraHealthSerenity.StepCHTest","methodName":"CuraHealthCareBookApptOperations","fileName":"StepCHTest.java","lineNumber":34},{"declaringClass":"CuraHealthSerenity.StepsCHTest","methodName":"inbetween","fileName":"StepsCHTest.java","lineNumber":32},{"declaringClass":"org.eclipse.jdt.internal.junit4.runner.JUnit4TestReference","methodName":"run","fileName":"JUnit4TestReference.java","lineNumber":93},{"declaringClass":"org.eclipse.jdt.internal.junit.runner.TestExecution","methodName":"run","fileName":"TestExecution.java","lineNumber":40},{"declaringClass":"org.eclipse.jdt.internal.junit.runner.RemoteTestRunner","methodName":"runTests","fileName":"RemoteTestRunner.java","lineNumber":529},{"declaringClass":"org.eclipse.jdt.internal.junit.runner.RemoteTestRunner","methodName":"runTests","fileName":"RemoteTestRunner.java","lineNumber":756},{"declaringClass":"org.eclipse.jdt.internal.junit.runner.RemoteTestRunner","methodName":"run","fileName":"RemoteTestRunner.java","lineNumber":452},{"declaringClass":"org.eclipse.jdt.internal.junit.runner.RemoteTestRunner","methodName":"main","fileName":"RemoteTestRunner.java","lineNumber":210}],"rootCause":{"errorType":"org.openqa.selenium.InvalidSelectorException","message":"invalid selector: Unable to locate an element with the xpath expression xpath\u003d//select[@id\u003d\u0027combo_facility\u0027] because of the following error:\nTypeError: Failed to execute \u0027evaluate\u0027 on \u0027Document\u0027: The result is not a node set, and therefore cannot be converted to the desired type.\n  (Session info: chrome\u003d118.0.5993.118)\nFor documentation on this error, please visit: https://www.seleniumhq.org/exceptions/invalid_selector_exception.html\nBuild info: version: \u00273.141.59\u0027, revision: \u0027e82be7d358\u0027, time: \u00272018-11-14T08:17:03\u0027\nSystem info: host: \u0027DESKTOP-OP71261\u0027, ip: \u0027192.168.29.116\u0027, os.name: \u0027Windows 10\u0027, os.arch: \u0027amd64\u0027, os.version: \u002710.0\u0027, java.version: \u00271.8.0_202\u0027\nDriver info: org.openqa.selenium.chrome.ChromeDriver\nCapabilities {acceptInsecureCerts: false, browserName: chrome, browserVersion: 118.0.5993.118, chrome: {chromedriverVersion: 117.0.5938.92 (67649b10b92b..., userDataDir: C:\\Users\\LENOVO\\AppData\\Loc...}, fedcm:accounts: true, goog:chromeOptions: {debuggerAddress: localhost:55305}, javascriptEnabled: true, networkConnectionEnabled: false, pageLoadStrategy: normal, platform: WINDOWS, platformName: WINDOWS, proxy: Proxy(), setWindowRect: true, strictFileInteractability: false, timeouts: {implicit: 0, pageLoad: 300000, script: 30000}, unhandledPromptBehavior: dismiss and notify, webauthn:extension:credBlob: true, webauthn:extension:largeBlob: true, webauthn:extension:minPinLength: true, webauthn:extension:prf: true, webauthn:virtualAuthenticators: true}\nSession ID: 8117d3f8d1f4fe3cbb2d06b261776906\n*** Element info: {Using\u003dxpath, value\u003dxpath\u003d//select[@id\u003d\u0027combo_facility\u0027]}","stackTrace":[{"declaringClass":"CuraHealthSerenity.BookAppointment2Test","methodName":"PatientAppointmentBook","fileName":"BookAppointment2Test.java","lineNumber":28},{"declaringClass":"CuraHealthSerenity.StepCHTest","methodName":"CuraHealthCareBookApptOperations","fileName":"StepCHTest.java","lineNumber":34},{"declaringClass":"CuraHealthSerenity.StepsCHTest","methodName":"inbetween","fileName":"StepsCHTest.java","lineNumber":32},{"declaringClass":"org.eclipse.jdt.internal.junit4.runner.JUnit4TestReference","methodName":"run","fileName":"JUnit4TestReference.java","lineNumber":93},{"declaringClass":"org.eclipse.jdt.internal.junit.runner.TestExecution","methodName":"run","fileName":"TestExecution.java","lineNumber":40},{"declaringClass":"org.eclipse.jdt.internal.junit.runner.RemoteTestRunner","methodName":"runTests","fileName":"RemoteTestRunner.java","lineNumber":529},{"declaringClass":"org.eclipse.jdt.internal.junit.runner.RemoteTestRunner","methodName":"runTests","fileName":"RemoteTestRunner.java","lineNumber":756},{"declaringClass":"org.eclipse.jdt.internal.junit.runner.RemoteTestRunner","methodName":"run","fileName":"RemoteTestRunner.java","lineNumber":452},{"declaringClass":"org.eclipse.jdt.internal.junit.runner.RemoteTestRunner","methodName":"main","fileName":"RemoteTestRunner.java","lineNumber":210}]}}},"testFailureClassname":"net.thucydides.core.webdriver.exceptions.ElementShouldBeEnabledException","testFailureMessage":"Expected enabled element was not enabled","testFailureSummary":"FAILURE;net.thucydides.core.webdriver.exceptions.ElementShouldBeEnabledException;Expected enabled element was not enabled;BookAppointment2Test.java","projectKey":"","annotatedResult":"FAILURE","sessionId":"8117d3f8d1f4fe3cbb2d06b261776906","driver":"chrome","isManualTestingUpToDate":false,"manual":false,"testSource":"JUnit","result":"FAILURE"}